7.445372942729366
0.12790273707725777
6.169969758594454
1.5502546429661368
0.5215093464819991
0.9644314619476823
0.5161215611529842
1.8034592878352502
146.0764427297663
424.99743453877204
3.255737601918627
0.10928017299168037
267.14537204279446
               pH      Iron    Nitrate    Chloride           Lead      Zinc  Color  Turbidity  ...    Copper      Odor     Sulfate  Conductivity  Chlorine     Manganese  Total Dissolved Solids  Target
0        8.332988  0.000083   8.605777  122.799772   3.713298e-52  3.434827    1.0   0.022683  ...  0.144599  1.626212   87.266538    471.683357  3.708178  2.269945e-15              332.118789       0
1        6.917863  0.000081   3.734167  227.029851   7.849262e-94  1.245317    5.0   0.019007  ...  0.437835  1.686049  144.010981    432.844908  3.292038  8.024076e-07              284.641984       0
2        5.443762  0.020106   3.816994  230.995630   5.286616e-76  0.528280    3.0   0.319956  ...  0.431588  3.414619  275.702107    990.201209  3.560224  7.007989e-02              570.054094       0
3        7.955339  0.143988   8.224944  178.129940  3.997118e-176  4.027879    2.0   0.166319  ...  0.239451  1.803459  147.163233    237.028467  3.516907  2.468295e-02              100.043838       0
4        8.091909  0.002167   9.925788  186.540872  4.171069e-132  3.807511    3.0   0.004867  ...  0.616574  0.795310  175.275175    385.025855  3.177849  3.296139e-03              168.075545       0
...           ...       ...        ...         ...            ...       ...    ...        ...  ...       ...       ...         ...           ...       ...           ...                     ...     ...
5956837  8.418457  0.000095   8.427576  256.570863   4.751543e-26  4.967504    5.0   3.824532  ...  0.284838  0.299860  371.261098    339.150786  2.630130  9.608234e-03              545.990529       1
5956838  7.950573  0.215729   4.677850  292.727780   4.679421e-12  1.842063    2.0   1.181166  ...  1.367155  3.749374  198.070171    521.505506  3.555576  1.875424e-11              514.136530       1
5956839  8.145572  0.000005   7.112877  254.831175   3.150254e-56  0.656923    1.0   1.769609  ...  0.063431  1.479231   94.876681    472.383823  3.127251  1.199405e+00              336.947289       1
5956840  8.273548  0.001236  10.182408  122.842038   4.226073e-33  0.903032    3.0   0.366909  ...  0.988735  3.268085  133.890373    718.942949  2.762962  2.824411e+00              112.458644       1
5956841  7.539523  0.022760   4.902591  106.256430   1.399449e-10  1.069694    3.0   0.371766  ...  1.665171  2.530943   79.593261    282.713146  6.033203  2.838596e-01              118.556879       1

[5956842 rows x 17 columns]
Data shape: (5956842, 17)

         pH      Iron   Nitrate    Chloride           Lead      Zinc  Color  Turbidity  Fluoride    Copper      Odor     Sulfate  Conductivity  Chlorine     Manganese  Total Dissolved Solids  Target
0  8.332988  0.000083  8.605777  122.799772   3.713298e-52  3.434827    1.0   0.022683  0.607283  0.144599  1.626212   87.266538    471.683357  3.708178  2.269945e-15              332.118789       0
1  6.917863  0.000081  3.734167  227.029851   7.849262e-94  1.245317    5.0   0.019007  0.622874  0.437835  1.686049  144.010981    432.844908  3.292038  8.024076e-07              284.641984       0
2  5.443762  0.020106  3.816994  230.995630   5.286616e-76  0.528280    3.0   0.319956  0.423423  0.431588  3.414619  275.702107    990.201209  3.560224  7.007989e-02              570.054094       0
3  7.955339  0.143988  8.224944  178.129940  3.997118e-176  4.027879    2.0   0.166319  0.208454  0.239451  1.803459  147.163233    237.028467  3.516907  2.468295e-02              100.043838       0
4  8.091909  0.002167  9.925788  186.540872  4.171069e-132  3.807511    3.0   0.004867  0.222912  0.616574  0.795310  175.275175    385.025855  3.177849  3.296139e-03              168.075545       0
pH                        0
Iron                      0
Nitrate                   0
Chloride                  0
Lead                      0
Zinc                      0
Color                     0
Turbidity                 0
Fluoride                  0
Copper                    0
Odor                      0
Sulfate                   0
Conductivity              0
Chlorine                  0
Manganese                 0
Total Dissolved Solids    0
Target                    0
dtype: int64

There are 0 missing values in the data.
There are 135,556 duplicate records in the data.
Preparing Train and Test datasets
Train Shape: (4765473, 16)
Test Shape: (1191369, 16)
Preparing Train and Test datasets end

Tuning hyperparameters..
Fitting 3 folds for each of 210 candidates, totalling 630 fits
Done!
Best hyperparameters: {'gamma': 1.2, 'max_depth': 7, 'min_child_weight': 7}
Best cross-validation AUC: 0.9175

Test F1 Accuracy: 83.25%, AUC: 0.91794
