7.449181808644082
0.11610690902706763
6.092721048988175
1.5320244355689356
0.48913252536884805
0.9447621581600278
0.4973429676382279
1.777468931567039
144.84480165592387
424.87761284643636
3.2400824487315623
0.09585717972894943
265.1911279297608
              pH      Iron    Nitrate    Chloride           Lead      Zinc  ...     Sulfate  Conductivity  Chlorine     Manganese  Total Dissolved Solids  Target
0       8.332988  0.000083   8.605777  122.799772   3.713298e-52  3.434827  ...   87.266538    471.683357  3.708178  2.269945e-15              332.118789       0
1       6.917863  0.000081   3.734167  227.029851   7.849262e-94  1.245317  ...  144.010981    432.844908  3.292038  8.024076e-07              284.641984       0
2       5.443762  0.020106   3.816994  230.995630   5.286616e-76  0.528280  ...  275.702107    990.201209  3.560224  7.007989e-02              570.054094       0
3       7.955339  0.143988   8.224944  178.129940  3.997118e-176  4.027879  ...  147.163233    237.028467  3.516907  2.468295e-02              100.043838       0
4       8.091909  0.002167   9.925788  186.540872  4.171069e-132  3.807511  ...  175.275175    385.025855  3.177849  3.296139e-03              168.075545       0
...          ...       ...        ...         ...            ...       ...  ...         ...           ...       ...           ...                     ...     ...
999995  7.201584  0.174727   5.484373  212.729396  1.686185e-108  6.076780  ...  160.270932    212.840480  3.407839  5.610156e-04              452.872696       0
999996  7.370741  0.085043  10.252465  297.999954   4.476614e-08  1.368934  ...  181.251066    316.496921  4.279605  8.262143e-05              237.445487       0
999997  7.089545  0.293898   6.800065  181.001058   1.516963e-95  0.293461  ...  174.869013    398.465623  3.298257  8.357921e-07              285.062853       0
999998  7.396279  0.001014   3.352265  167.268631   1.007868e-59  2.100083  ...  146.786858    291.060468  1.949351  1.078614e-04               67.085127       0
999999  7.404173  0.030889   9.439458  151.630652   2.575321e-34  4.496151  ...  198.959670    897.624976  2.608310  9.155593e-08              493.788788       0

[1000000 rows x 17 columns]
Data shape: (1000000, 17)

         pH      Iron   Nitrate    Chloride           Lead      Zinc  ...     Sulfate  Conductivity  Chlorine     Manganese  Total Dissolved Solids  Target
0  8.332988  0.000083  8.605777  122.799772   3.713298e-52  3.434827  ...   87.266538    471.683357  3.708178  2.269945e-15              332.118789       0
1  6.917863  0.000081  3.734167  227.029851   7.849262e-94  1.245317  ...  144.010981    432.844908  3.292038  8.024076e-07              284.641984       0
2  5.443762  0.020106  3.816994  230.995630   5.286616e-76  0.528280  ...  275.702107    990.201209  3.560224  7.007989e-02              570.054094       0
3  7.955339  0.143988  8.224944  178.129940  3.997118e-176  4.027879  ...  147.163233    237.028467  3.516907  2.468295e-02              100.043838       0
4  8.091909  0.002167  9.925788  186.540872  4.171069e-132  3.807511  ...  175.275175    385.025855  3.177849  3.296139e-03              168.075545       0

[5 rows x 17 columns]
pH                        0
Iron                      0
Nitrate                   0
Chloride                  0
Lead                      0
Zinc                      0
Color                     0
Turbidity                 0
Fluoride                  0
Copper                    0
Odor                      0
Sulfate                   0
Conductivity              0
Chlorine                  0
Manganese                 0
Total Dissolved Solids    0
Target                    0
dtype: int64

There are 0 missing values in the data.
There are 18,040 duplicate records in the data.
Preparing Train and Test datasets
Train Shape: (800000, 16)
Test Shape: (200000, 16)
Preparing Train and Test datasets end

Tuning hyperparameters..
375831    1
639540    0
532686    0
79283     0
253892    0
         ..
617841    0
443712    0
881167    0
760957    1
345353    1
Name: Target, Length: 800000, dtype: int64
Fitting 3 folds for each of 5 candidates, totalling 15 fits
Done!
Best hyperparameters: {'kernel': 'rbf', 'C': 7.27895384398315}
Best cross-validation AUC: 0.8925

Test F1 accuracy: 72.92%, AUC: 0.89434

Tuning hyperparameters..
Fitting 3 folds for each of 45 candidates, totalling 135 fits
Done!
Best hyperparameters: {'gamma': 1.5, 'max_depth': 5, 'min_child_weight': 1}
Best cross-validation AUC: 0.9168

Test F1 Accuracy: 77.79%, AUC: 0.91692
